<?xml version="1.0" encoding="UTF-8"?>
<testsuite name="SaturdayProject16"
           tests="22"
           failures="4"
           errors="0"
           skipped="0"
           time="105.836">
    <properties></properties>

            <testcase
                name="test16"
                time="0.039"
                classname="DemoVersion">

            <failure type="java.lang.AssertionError" message="expected [true] but found [false]">
                <![CDATA[java.lang.AssertionError: expected [true] but found [false]
                org.testng.Assert.fail(Assert.java:96)org.testng.Assert.failNotEquals(Assert.java:776)org.testng.Assert.assertTrue(Assert.java:44)org.testng.Assert.assertTrue(Assert.java:54)DemoVersion.test16(DemoVersion.java:340)java.base/jdk.internal.reflect.NativeMethodAccessorImpl.invoke0(Native Method)java.base/jdk.internal.reflect.NativeMethodAccessorImpl.invoke(NativeMethodAccessorImpl.java:62)java.base/jdk.internal.reflect.DelegatingMethodAccessorImpl.invoke(DelegatingMethodAccessorImpl.java:43)java.base/java.lang.reflect.Method.invoke(Method.java:564)org.testng.internal.MethodInvocationHelper.invokeMethod(MethodInvocationHelper.java:124)org.testng.internal.Invoker.invokeMethod(Invoker.java:583)org.testng.internal.Invoker.invokeTestMethod(Invoker.java:719)org.testng.internal.Invoker.invokeTestMethods(Invoker.java:989)org.testng.internal.TestMethodWorker.invokeTestMethods(TestMethodWorker.java:125)org.testng.internal.TestMethodWorker.run(TestMethodWorker.java:109)org.testng.TestRunner.privateRun(TestRunner.java:648)org.testng.TestRunner.run(TestRunner.java:505)org.testng.SuiteRunner.runTest(SuiteRunner.java:455)org.testng.SuiteRunner.runSequentially(SuiteRunner.java:450)org.testng.SuiteRunner.privateRun(SuiteRunner.java:415)org.testng.SuiteRunner.run(SuiteRunner.java:364)org.testng.SuiteRunnerWorker.runSuite(SuiteRunnerWorker.java:52)org.testng.SuiteRunnerWorker.run(SuiteRunnerWorker.java:84)org.testng.TestNG.runSuitesSequentially(TestNG.java:1208)org.testng.TestNG.runSuitesLocally(TestNG.java:1137)org.testng.TestNG.runSuites(TestNG.java:1049)org.testng.TestNG.run(TestNG.java:1017)com.intellij.rt.testng.IDEARemoteTestNG.run(IDEARemoteTestNG.java:66)com.intellij.rt.testng.RemoteTestNGStarter.main(RemoteTestNGStarter.java:109)
]]>
            </failure>
    </testcase>
            <testcase
                name="test10To15"
                time="3.743"
                classname="DemoVersion">

            <failure type="java.lang.AssertionError" message="null">
                <![CDATA[java.lang.AssertionError: null
                org.testng.Assert.fail(Assert.java:96)org.testng.Assert.fail(Assert.java:103)DemoVersion.test10To15(DemoVersion.java:332)java.base/jdk.internal.reflect.NativeMethodAccessorImpl.invoke0(Native Method)java.base/jdk.internal.reflect.NativeMethodAccessorImpl.invoke(NativeMethodAccessorImpl.java:62)java.base/jdk.internal.reflect.DelegatingMethodAccessorImpl.invoke(DelegatingMethodAccessorImpl.java:43)java.base/java.lang.reflect.Method.invoke(Method.java:564)org.testng.internal.MethodInvocationHelper.invokeMethod(MethodInvocationHelper.java:124)org.testng.internal.Invoker.invokeMethod(Invoker.java:583)org.testng.internal.Invoker.invokeTestMethod(Invoker.java:719)org.testng.internal.Invoker.invokeTestMethods(Invoker.java:989)org.testng.internal.TestMethodWorker.invokeTestMethods(TestMethodWorker.java:125)org.testng.internal.TestMethodWorker.run(TestMethodWorker.java:109)org.testng.TestRunner.privateRun(TestRunner.java:648)org.testng.TestRunner.run(TestRunner.java:505)org.testng.SuiteRunner.runTest(SuiteRunner.java:455)org.testng.SuiteRunner.runSequentially(SuiteRunner.java:450)org.testng.SuiteRunner.privateRun(SuiteRunner.java:415)org.testng.SuiteRunner.run(SuiteRunner.java:364)org.testng.SuiteRunnerWorker.runSuite(SuiteRunnerWorker.java:52)org.testng.SuiteRunnerWorker.run(SuiteRunnerWorker.java:84)org.testng.TestNG.runSuitesSequentially(TestNG.java:1208)org.testng.TestNG.runSuitesLocally(TestNG.java:1137)org.testng.TestNG.runSuites(TestNG.java:1049)org.testng.TestNG.run(TestNG.java:1017)com.intellij.rt.testng.IDEARemoteTestNG.run(IDEARemoteTestNG.java:66)com.intellij.rt.testng.RemoteTestNGStarter.main(RemoteTestNGStarter.java:109)
]]>
            </failure>
    </testcase>
            <testcase
                name="test7cannotHaveSameID"
                time="3.447"
                classname="DemoVersion">

            <failure type="java.lang.AssertionError" message="Employee successfully created was created expected [false] but found [true]">
                <![CDATA[java.lang.AssertionError: Employee successfully created was created expected [false] but found [true]
                org.testng.Assert.fail(Assert.java:96)org.testng.Assert.failNotEquals(Assert.java:776)org.testng.Assert.assertFalse(Assert.java:65)DemoVersion.test7cannotHaveSameID(DemoVersion.java:254)java.base/jdk.internal.reflect.NativeMethodAccessorImpl.invoke0(Native Method)java.base/jdk.internal.reflect.NativeMethodAccessorImpl.invoke(NativeMethodAccessorImpl.java:62)java.base/jdk.internal.reflect.DelegatingMethodAccessorImpl.invoke(DelegatingMethodAccessorImpl.java:43)java.base/java.lang.reflect.Method.invoke(Method.java:564)org.testng.internal.MethodInvocationHelper.invokeMethod(MethodInvocationHelper.java:124)org.testng.internal.Invoker.invokeMethod(Invoker.java:583)org.testng.internal.Invoker.invokeTestMethod(Invoker.java:719)org.testng.internal.Invoker.invokeTestMethods(Invoker.java:989)org.testng.internal.TestMethodWorker.invokeTestMethods(TestMethodWorker.java:125)org.testng.internal.TestMethodWorker.run(TestMethodWorker.java:109)org.testng.TestRunner.privateRun(TestRunner.java:648)org.testng.TestRunner.run(TestRunner.java:505)org.testng.SuiteRunner.runTest(SuiteRunner.java:455)org.testng.SuiteRunner.runSequentially(SuiteRunner.java:450)org.testng.SuiteRunner.privateRun(SuiteRunner.java:415)org.testng.SuiteRunner.run(SuiteRunner.java:364)org.testng.SuiteRunnerWorker.runSuite(SuiteRunnerWorker.java:52)org.testng.SuiteRunnerWorker.run(SuiteRunnerWorker.java:84)org.testng.TestNG.runSuitesSequentially(TestNG.java:1208)org.testng.TestNG.runSuitesLocally(TestNG.java:1137)org.testng.TestNG.runSuites(TestNG.java:1049)org.testng.TestNG.run(TestNG.java:1017)com.intellij.rt.testng.IDEARemoteTestNG.run(IDEARemoteTestNG.java:66)com.intellij.rt.testng.RemoteTestNGStarter.main(RemoteTestNGStarter.java:109)
]]>
            </failure>
    </testcase>
            <testcase
                name="test10To15"
                time="3.765"
                classname="DemoVersion">

            <failure type="java.lang.AssertionError" message="null">
                <![CDATA[java.lang.AssertionError: null
                org.testng.Assert.fail(Assert.java:96)org.testng.Assert.fail(Assert.java:103)DemoVersion.test10To15(DemoVersion.java:332)java.base/jdk.internal.reflect.NativeMethodAccessorImpl.invoke0(Native Method)java.base/jdk.internal.reflect.NativeMethodAccessorImpl.invoke(NativeMethodAccessorImpl.java:62)java.base/jdk.internal.reflect.DelegatingMethodAccessorImpl.invoke(DelegatingMethodAccessorImpl.java:43)java.base/java.lang.reflect.Method.invoke(Method.java:564)org.testng.internal.MethodInvocationHelper.invokeMethod(MethodInvocationHelper.java:124)org.testng.internal.Invoker.invokeMethod(Invoker.java:583)org.testng.internal.Invoker.invokeTestMethod(Invoker.java:719)org.testng.internal.Invoker.invokeTestMethods(Invoker.java:989)org.testng.internal.TestMethodWorker.invokeTestMethods(TestMethodWorker.java:125)org.testng.internal.TestMethodWorker.run(TestMethodWorker.java:109)org.testng.TestRunner.privateRun(TestRunner.java:648)org.testng.TestRunner.run(TestRunner.java:505)org.testng.SuiteRunner.runTest(SuiteRunner.java:455)org.testng.SuiteRunner.runSequentially(SuiteRunner.java:450)org.testng.SuiteRunner.privateRun(SuiteRunner.java:415)org.testng.SuiteRunner.run(SuiteRunner.java:364)org.testng.SuiteRunnerWorker.runSuite(SuiteRunnerWorker.java:52)org.testng.SuiteRunnerWorker.run(SuiteRunnerWorker.java:84)org.testng.TestNG.runSuitesSequentially(TestNG.java:1208)org.testng.TestNG.runSuitesLocally(TestNG.java:1137)org.testng.TestNG.runSuites(TestNG.java:1049)org.testng.TestNG.run(TestNG.java:1017)com.intellij.rt.testng.IDEARemoteTestNG.run(IDEARemoteTestNG.java:66)com.intellij.rt.testng.RemoteTestNGStarter.main(RemoteTestNGStarter.java:109)
]]>
            </failure>
    </testcase>


            <testcase
                name="test6UpdateAnyDataChanged"
                time="8.197"
                classname="DemoVersion">
            </testcase>
            <testcase
                name="test5UpdateDocumentNumber"
                time="2.184"
                classname="DemoVersion">
            </testcase>
            <testcase
                name="test10To15"
                time="3.686"
                classname="DemoVersion">
            </testcase>
            <testcase
                name="test1CreateNewEmployee"
                time="6.776"
                classname="DemoVersion">
            </testcase>
            <testcase
                name="navigate"
                time="4.489"
                classname="DemoVersion">
            </testcase>
            <testcase
                name="test8sameDocumentNumber"
                time="2.891"
                classname="DemoVersion">
            </testcase>
            <testcase
                name="test9SameFirstAndLastName"
                time="1.671"
                classname="DemoVersion">
            </testcase>
            <testcase
                name="test3UpdateFirstName"
                time="11.583"
                classname="DemoVersion">
            </testcase>
            <testcase
                name="test10To15"
                time="4.130"
                classname="DemoVersion">
            </testcase>
            <testcase
                name="deletingAllEmployee"
                time="9.457"
                classname="DemoVersion">
            </testcase>
            <testcase
                name="test10To15"
                time="3.733"
                classname="DemoVersion">
            </testcase>
            <testcase
                name="test2DeletingEmployee"
                time="2.629"
                classname="DemoVersion">
            </testcase>
            <testcase
                name="test18photoChanged"
                time="6.588"
                classname="DemoVersion">
            </testcase>
            <testcase
                name="test17AddPhoto"
                time="8.896"
                classname="DemoVersion">
            </testcase>
            <testcase
                name="test4UpdateLastName"
                time="5.603"
                classname="DemoVersion">
            </testcase>
            <testcase
                name="test19DeletePicture"
                time="7.159"
                classname="DemoVersion">
            </testcase>
            <testcase
                name="go"
                time="1.418"
                classname="DemoVersion">
            </testcase>
            <testcase
                name="test10To15"
                time="3.752"
                classname="DemoVersion">
            </testcase>
</testsuite>
